{"C:\\Users\\sthakare\\Downloads\\react-qg8nkr\\src\\App.js": {"path":"C:\\Users\\sthakare\\Downloads\\react-qg8nkr\\src\\App.js","statementMap":{"0":{"start":{"line":8,"column":26},"end":{"line":8,"column":38}},"1":{"start":{"line":9,"column":38},"end":{"line":9,"column":52}},"2":{"start":{"line":10,"column":19},"end":{"line":12,"column":3}},"3":{"start":{"line":11,"column":4},"end":{"line":11,"column":31}},"4":{"start":{"line":13,"column":20},"end":{"line":19,"column":3}},"5":{"start":{"line":14,"column":17},"end":{"line":14,"column":45}},"6":{"start":{"line":15,"column":4},"end":{"line":15,"column":28}},"7":{"start":{"line":16,"column":15},"end":{"line":16,"column":42}},"8":{"start":{"line":17,"column":4},"end":{"line":17,"column":26}},"9":{"start":{"line":18,"column":4},"end":{"line":18,"column":16}},"10":{"start":{"line":21,"column":2},"end":{"line":24,"column":9}},"11":{"start":{"line":22,"column":4},"end":{"line":22,"column":18}},"12":{"start":{"line":23,"column":4},"end":{"line":23,"column":16}},"13":{"start":{"line":25,"column":2},"end":{"line":40,"column":4}},"14":{"start":{"line":29,"column":38},"end":{"line":29,"column":51}},"15":{"start":{"line":34,"column":34},"end":{"line":34,"column":47}},"16":{"start":{"line":35,"column":28},"end":{"line":35,"column":38}}},"fnMap":{"0":{"name":"App","decl":{"start":{"line":7,"column":9},"end":{"line":7,"column":12}},"loc":{"start":{"line":7,"column":15},"end":{"line":41,"column":1}},"line":7},"1":{"name":"(anonymous_1)","decl":{"start":{"line":10,"column":19},"end":{"line":10,"column":20}},"loc":{"start":{"line":10,"column":25},"end":{"line":12,"column":3}},"line":10},"2":{"name":"(anonymous_2)","decl":{"start":{"line":13,"column":20},"end":{"line":13,"column":21}},"loc":{"start":{"line":13,"column":26},"end":{"line":19,"column":3}},"line":13},"3":{"name":"(anonymous_3)","decl":{"start":{"line":21,"column":12},"end":{"line":21,"column":13}},"loc":{"start":{"line":21,"column":18},"end":{"line":24,"column":3}},"line":21},"4":{"name":"(anonymous_4)","decl":{"start":{"line":29,"column":32},"end":{"line":29,"column":33}},"loc":{"start":{"line":29,"column":38},"end":{"line":29,"column":51}},"line":29},"5":{"name":"(anonymous_5)","decl":{"start":{"line":34,"column":24},"end":{"line":34,"column":25}},"loc":{"start":{"line":34,"column":34},"end":{"line":34,"column":47}},"line":34},"6":{"name":"(anonymous_6)","decl":{"start":{"line":35,"column":22},"end":{"line":35,"column":23}},"loc":{"start":{"line":35,"column":28},"end":{"line":35,"column":38}},"line":35}},"branchMap":{"0":{"loc":{"start":{"line":16,"column":15},"end":{"line":16,"column":42}},"type":"cond-expr","locations":[{"start":{"line":16,"column":31},"end":{"line":16,"column":35}},{"start":{"line":16,"column":38},"end":{"line":16,"column":42}}],"line":16},"1":{"loc":{"start":{"line":27,"column":7},"end":{"line":38,"column":7}},"type":"cond-expr","locations":[{"start":{"line":28,"column":8},"end":{"line":30,"column":11}},{"start":{"line":32,"column":8},"end":{"line":37,"column":11}}],"line":27}},"s":{"0":0,"1":0,"2":0,"3":0,"4":0,"5":0,"6":0,"7":0,"8":0,"9":0,"10":0,"11":0,"12":0,"13":0,"14":0,"15":0,"16":0},"f":{"0":0,"1":0,"2":0,"3":0,"4":0,"5":0,"6":0},"b":{"0":[0,0],"1":[0,0]}}
,"C:\\Users\\sthakare\\Downloads\\react-qg8nkr\\src\\index.js": {"path":"C:\\Users\\sthakare\\Downloads\\react-qg8nkr\\src\\index.js","statementMap":{"0":{"start":{"line":6,"column":0},"end":{"line":6,"column":58}}},"fnMap":{},"branchMap":{},"s":{"0":0},"f":{},"b":{}}
,"C:\\Users\\sthakare\\Downloads\\react-qg8nkr\\src\\authentication\\Login.js": {"path":"C:\\Users\\sthakare\\Downloads\\react-qg8nkr\\src\\authentication\\Login.js","statementMap":{"0":{"start":{"line":20,"column":15},"end":{"line":138,"column":1}},"1":{"start":{"line":21,"column":18},"end":{"line":21,"column":29}},"2":{"start":{"line":22,"column":28},"end":{"line":22,"column":40}},"3":{"start":{"line":23,"column":34},"end":{"line":23,"column":46}},"4":{"start":{"line":24,"column":48},"end":{"line":24,"column":60}},"5":{"start":{"line":26,"column":22},"end":{"line":28,"column":3}},"6":{"start":{"line":27,"column":4},"end":{"line":27,"column":33}},"7":{"start":{"line":29,"column":25},"end":{"line":31,"column":3}},"8":{"start":{"line":30,"column":4},"end":{"line":30,"column":36}},"9":{"start":{"line":32,"column":33},"end":{"line":34,"column":3}},"10":{"start":{"line":33,"column":4},"end":{"line":33,"column":43}},"11":{"start":{"line":35,"column":23},"end":{"line":60,"column":3}},"12":{"start":{"line":36,"column":4},"end":{"line":59,"column":9}},"13":{"start":{"line":40,"column":8},"end":{"line":45,"column":9}},"14":{"start":{"line":41,"column":10},"end":{"line":41,"column":25}},"15":{"start":{"line":42,"column":10},"end":{"line":42,"column":55}},"16":{"start":{"line":43,"column":10},"end":{"line":43,"column":31}},"17":{"start":{"line":44,"column":10},"end":{"line":44,"column":44}},"18":{"start":{"line":48,"column":8},"end":{"line":58,"column":9}},"19":{"start":{"line":50,"column":12},"end":{"line":50,"column":39}},"20":{"start":{"line":51,"column":12},"end":{"line":51,"column":18}},"21":{"start":{"line":53,"column":12},"end":{"line":53,"column":39}},"22":{"start":{"line":54,"column":12},"end":{"line":54,"column":18}},"23":{"start":{"line":56,"column":12},"end":{"line":56,"column":39}},"24":{"start":{"line":57,"column":12},"end":{"line":57,"column":18}},"25":{"start":{"line":73,"column":2},"end":{"line":137,"column":4}},"26":{"start":{"line":140,"column":18},"end":{"line":170,"column":3}},"27":{"start":{"line":140,"column":41},"end":{"line":170,"column":1}}},"fnMap":{"0":{"name":"(anonymous_0)","decl":{"start":{"line":20,"column":15},"end":{"line":20,"column":16}},"loc":{"start":{"line":20,"column":26},"end":{"line":138,"column":1}},"line":20},"1":{"name":"(anonymous_1)","decl":{"start":{"line":26,"column":22},"end":{"line":26,"column":23}},"loc":{"start":{"line":26,"column":33},"end":{"line":28,"column":3}},"line":26},"2":{"name":"(anonymous_2)","decl":{"start":{"line":29,"column":25},"end":{"line":29,"column":26}},"loc":{"start":{"line":29,"column":36},"end":{"line":31,"column":3}},"line":29},"3":{"name":"(anonymous_3)","decl":{"start":{"line":32,"column":33},"end":{"line":32,"column":34}},"loc":{"start":{"line":32,"column":44},"end":{"line":34,"column":3}},"line":32},"4":{"name":"(anonymous_4)","decl":{"start":{"line":35,"column":23},"end":{"line":35,"column":24}},"loc":{"start":{"line":35,"column":29},"end":{"line":60,"column":3}},"line":35},"5":{"name":"(anonymous_5)","decl":{"start":{"line":39,"column":12},"end":{"line":39,"column":13}},"loc":{"start":{"line":39,"column":26},"end":{"line":46,"column":7}},"line":39},"6":{"name":"(anonymous_6)","decl":{"start":{"line":47,"column":13},"end":{"line":47,"column":14}},"loc":{"start":{"line":47,"column":24},"end":{"line":59,"column":7}},"line":47},"7":{"name":"(anonymous_7)","decl":{"start":{"line":140,"column":29},"end":{"line":140,"column":30}},"loc":{"start":{"line":140,"column":41},"end":{"line":170,"column":1}},"line":140}},"branchMap":{"0":{"loc":{"start":{"line":40,"column":8},"end":{"line":45,"column":9}},"type":"if","locations":[{"start":{"line":40,"column":8},"end":{"line":45,"column":9}},{"start":{},"end":{}}],"line":40},"1":{"loc":{"start":{"line":48,"column":8},"end":{"line":58,"column":9}},"type":"switch","locations":[{"start":{"line":49,"column":10},"end":{"line":51,"column":18}},{"start":{"line":52,"column":10},"end":{"line":54,"column":18}},{"start":{"line":55,"column":10},"end":{"line":57,"column":18}}],"line":48}},"s":{"0":0,"1":0,"2":0,"3":0,"4":0,"5":0,"6":0,"7":0,"8":0,"9":0,"10":0,"11":0,"12":0,"13":0,"14":0,"15":0,"16":0,"17":0,"18":0,"19":0,"20":0,"21":0,"22":0,"23":0,"24":0,"25":0,"26":0,"27":0},"f":{"0":0,"1":0,"2":0,"3":0,"4":0,"5":0,"6":0,"7":0},"b":{"0":[0,0],"1":[0,0,0]}}
,"C:\\Users\\sthakare\\Downloads\\react-qg8nkr\\src\\authentication\\SignUp.js": {"path":"C:\\Users\\sthakare\\Downloads\\react-qg8nkr\\src\\authentication\\SignUp.js","statementMap":{"0":{"start":{"line":20,"column":15},"end":{"line":148,"column":1}},"1":{"start":{"line":21,"column":18},"end":{"line":21,"column":29}},"2":{"start":{"line":22,"column":28},"end":{"line":22,"column":40}},"3":{"start":{"line":23,"column":34},"end":{"line":23,"column":46}},"4":{"start":{"line":24,"column":48},"end":{"line":24,"column":60}},"5":{"start":{"line":26,"column":22},"end":{"line":28,"column":3}},"6":{"start":{"line":27,"column":4},"end":{"line":27,"column":33}},"7":{"start":{"line":29,"column":25},"end":{"line":31,"column":3}},"8":{"start":{"line":30,"column":4},"end":{"line":30,"column":36}},"9":{"start":{"line":32,"column":33},"end":{"line":34,"column":3}},"10":{"start":{"line":33,"column":4},"end":{"line":33,"column":43}},"11":{"start":{"line":35,"column":23},"end":{"line":58,"column":3}},"12":{"start":{"line":36,"column":4},"end":{"line":57,"column":9}},"13":{"start":{"line":40,"column":8},"end":{"line":43,"column":9}},"14":{"start":{"line":41,"column":10},"end":{"line":41,"column":25}},"15":{"start":{"line":42,"column":10},"end":{"line":42,"column":56}},"16":{"start":{"line":46,"column":8},"end":{"line":56,"column":9}},"17":{"start":{"line":48,"column":12},"end":{"line":48,"column":39}},"18":{"start":{"line":49,"column":12},"end":{"line":49,"column":18}},"19":{"start":{"line":51,"column":12},"end":{"line":51,"column":39}},"20":{"start":{"line":52,"column":12},"end":{"line":52,"column":18}},"21":{"start":{"line":54,"column":12},"end":{"line":54,"column":39}},"22":{"start":{"line":55,"column":12},"end":{"line":55,"column":18}},"23":{"start":{"line":60,"column":2},"end":{"line":70,"column":17}},"24":{"start":{"line":61,"column":4},"end":{"line":66,"column":7}},"25":{"start":{"line":62,"column":6},"end":{"line":64,"column":7}},"26":{"start":{"line":63,"column":8},"end":{"line":63,"column":21}},"27":{"start":{"line":65,"column":6},"end":{"line":65,"column":18}},"28":{"start":{"line":67,"column":4},"end":{"line":69,"column":6}},"29":{"start":{"line":68,"column":6},"end":{"line":68,"column":60}},"30":{"start":{"line":71,"column":2},"end":{"line":147,"column":4}},"31":{"start":{"line":150,"column":18},"end":{"line":180,"column":3}},"32":{"start":{"line":150,"column":39},"end":{"line":180,"column":1}}},"fnMap":{"0":{"name":"(anonymous_0)","decl":{"start":{"line":20,"column":15},"end":{"line":20,"column":16}},"loc":{"start":{"line":20,"column":24},"end":{"line":148,"column":1}},"line":20},"1":{"name":"(anonymous_1)","decl":{"start":{"line":26,"column":22},"end":{"line":26,"column":23}},"loc":{"start":{"line":26,"column":31},"end":{"line":28,"column":3}},"line":26},"2":{"name":"(anonymous_2)","decl":{"start":{"line":29,"column":25},"end":{"line":29,"column":26}},"loc":{"start":{"line":29,"column":34},"end":{"line":31,"column":3}},"line":29},"3":{"name":"(anonymous_3)","decl":{"start":{"line":32,"column":33},"end":{"line":32,"column":34}},"loc":{"start":{"line":32,"column":42},"end":{"line":34,"column":3}},"line":32},"4":{"name":"(anonymous_4)","decl":{"start":{"line":35,"column":23},"end":{"line":35,"column":24}},"loc":{"start":{"line":35,"column":29},"end":{"line":58,"column":3}},"line":35},"5":{"name":"(anonymous_5)","decl":{"start":{"line":39,"column":12},"end":{"line":39,"column":13}},"loc":{"start":{"line":39,"column":24},"end":{"line":44,"column":7}},"line":39},"6":{"name":"(anonymous_6)","decl":{"start":{"line":45,"column":13},"end":{"line":45,"column":14}},"loc":{"start":{"line":45,"column":22},"end":{"line":57,"column":7}},"line":45},"7":{"name":"(anonymous_7)","decl":{"start":{"line":60,"column":12},"end":{"line":60,"column":13}},"loc":{"start":{"line":60,"column":18},"end":{"line":70,"column":3}},"line":60},"8":{"name":"(anonymous_8)","decl":{"start":{"line":61,"column":55},"end":{"line":61,"column":56}},"loc":{"start":{"line":61,"column":64},"end":{"line":66,"column":5}},"line":61},"9":{"name":"(anonymous_9)","decl":{"start":{"line":67,"column":11},"end":{"line":67,"column":12}},"loc":{"start":{"line":67,"column":17},"end":{"line":69,"column":5}},"line":67},"10":{"name":"(anonymous_10)","decl":{"start":{"line":150,"column":29},"end":{"line":150,"column":30}},"loc":{"start":{"line":150,"column":39},"end":{"line":180,"column":1}},"line":150}},"branchMap":{"0":{"loc":{"start":{"line":40,"column":8},"end":{"line":43,"column":9}},"type":"if","locations":[{"start":{"line":40,"column":8},"end":{"line":43,"column":9}},{"start":{},"end":{}}],"line":40},"1":{"loc":{"start":{"line":46,"column":8},"end":{"line":56,"column":9}},"type":"switch","locations":[{"start":{"line":47,"column":10},"end":{"line":49,"column":18}},{"start":{"line":50,"column":10},"end":{"line":52,"column":18}},{"start":{"line":53,"column":10},"end":{"line":55,"column":18}}],"line":46},"2":{"loc":{"start":{"line":62,"column":6},"end":{"line":64,"column":7}},"type":"if","locations":[{"start":{"line":62,"column":6},"end":{"line":64,"column":7}},{"start":{},"end":{}}],"line":62}},"s":{"0":0,"1":0,"2":0,"3":0,"4":0,"5":0,"6":0,"7":0,"8":0,"9":0,"10":0,"11":0,"12":0,"13":0,"14":0,"15":0,"16":0,"17":0,"18":0,"19":0,"20":0,"21":0,"22":0,"23":0,"24":0,"25":0,"26":0,"27":0,"28":0,"29":0,"30":0,"31":0,"32":0},"f":{"0":0,"1":0,"2":0,"3":0,"4":0,"5":0,"6":0,"7":0,"8":0,"9":0,"10":0},"b":{"0":[0,0],"1":[0,0,0],"2":[0,0]}}
,"C:\\Users\\sthakare\\Downloads\\react-qg8nkr\\src\\helpers\\db.js": {"path":"C:\\Users\\sthakare\\Downloads\\react-qg8nkr\\src\\helpers\\db.js","statementMap":{"0":{"start":{"line":3,"column":23},"end":{"line":11,"column":1}},"1":{"start":{"line":13,"column":13},"end":{"line":13,"column":51}}},"fnMap":{},"branchMap":{},"s":{"0":0,"1":0},"f":{},"b":{}}
,"C:\\Users\\sthakare\\Downloads\\react-qg8nkr\\src\\layouts\\EditForm.js": {"path":"C:\\Users\\sthakare\\Downloads\\react-qg8nkr\\src\\layouts\\EditForm.js","statementMap":{"0":{"start":{"line":18,"column":17},"end":{"line":113,"column":1}},"1":{"start":{"line":19,"column":27},"end":{"line":26,"column":4}},"2":{"start":{"line":33,"column":6},"end":{"line":35,"column":4}},"3":{"start":{"line":37,"column":19},"end":{"line":40,"column":3}},"4":{"start":{"line":39,"column":4},"end":{"line":39,"column":27}},"5":{"start":{"line":42,"column":2},"end":{"line":44,"column":7}},"6":{"start":{"line":43,"column":4},"end":{"line":43,"column":31}},"7":{"start":{"line":45,"column":2},"end":{"line":112,"column":4}}},"fnMap":{"0":{"name":"(anonymous_0)","decl":{"start":{"line":18,"column":17},"end":{"line":18,"column":18}},"loc":{"start":{"line":18,"column":28},"end":{"line":113,"column":1}},"line":18},"1":{"name":"(anonymous_1)","decl":{"start":{"line":37,"column":19},"end":{"line":37,"column":20}},"loc":{"start":{"line":37,"column":35},"end":{"line":40,"column":3}},"line":37},"2":{"name":"(anonymous_2)","decl":{"start":{"line":42,"column":11},"end":{"line":42,"column":12}},"loc":{"start":{"line":42,"column":15},"end":{"line":44,"column":3}},"line":42}},"branchMap":{"0":{"loc":{"start":{"line":63,"column":23},"end":{"line":63,"column":53}},"type":"cond-expr","locations":[{"start":{"line":63,"column":41},"end":{"line":63,"column":45}},{"start":{"line":63,"column":48},"end":{"line":63,"column":53}}],"line":63},"1":{"loc":{"start":{"line":77,"column":23},"end":{"line":77,"column":53}},"type":"cond-expr","locations":[{"start":{"line":77,"column":41},"end":{"line":77,"column":45}},{"start":{"line":77,"column":48},"end":{"line":77,"column":53}}],"line":77},"2":{"loc":{"start":{"line":91,"column":23},"end":{"line":91,"column":50}},"type":"cond-expr","locations":[{"start":{"line":91,"column":38},"end":{"line":91,"column":42}},{"start":{"line":91,"column":45},"end":{"line":91,"column":50}}],"line":91}},"s":{"0":4,"1":1,"2":1,"3":1,"4":0,"5":1,"6":1,"7":1},"f":{"0":1,"1":0,"2":1},"b":{"0":[0,1],"1":[0,1],"2":[0,1]},"_coverageSchema":"1a1c01bbd47fc00a2c39e90264f33305004495a9","hash":"3de118a18c098b54ca5b080085c0775c9c7e67ab"}
,"C:\\Users\\sthakare\\Downloads\\react-qg8nkr\\src\\layouts\\EmployeeModal.js": {"path":"C:\\Users\\sthakare\\Downloads\\react-qg8nkr\\src\\layouts\\EmployeeModal.js","statementMap":{"0":{"start":{"line":8,"column":14},"end":{"line":18,"column":1}},"1":{"start":{"line":21,"column":26},"end":{"line":21,"column":47}},"2":{"start":{"line":22,"column":21},"end":{"line":22,"column":40}},"3":{"start":{"line":22,"column":27},"end":{"line":22,"column":40}},"4":{"start":{"line":23,"column":22},"end":{"line":23,"column":42}},"5":{"start":{"line":23,"column":28},"end":{"line":23,"column":42}},"6":{"start":{"line":25,"column":2},"end":{"line":39,"column":4}}},"fnMap":{"0":{"name":"EmployeeModal","decl":{"start":{"line":20,"column":24},"end":{"line":20,"column":37}},"loc":{"start":{"line":20,"column":45},"end":{"line":40,"column":1}},"line":20},"1":{"name":"(anonymous_1)","decl":{"start":{"line":22,"column":21},"end":{"line":22,"column":22}},"loc":{"start":{"line":22,"column":27},"end":{"line":22,"column":40}},"line":22},"2":{"name":"(anonymous_2)","decl":{"start":{"line":23,"column":22},"end":{"line":23,"column":23}},"loc":{"start":{"line":23,"column":28},"end":{"line":23,"column":42}},"line":23}},"branchMap":{},"s":{"0":3,"1":3,"2":3,"3":0,"4":3,"5":0,"6":3},"f":{"0":3,"1":0,"2":0},"b":{},"_coverageSchema":"1a1c01bbd47fc00a2c39e90264f33305004495a9","hash":"fbe1ca15a75a7aa2b11923581b4be27d19bad384"}
,"C:\\Users\\sthakare\\Downloads\\react-qg8nkr\\src\\layouts\\EmployeeTable.js": {"path":"C:\\Users\\sthakare\\Downloads\\react-qg8nkr\\src\\layouts\\EmployeeTable.js","statementMap":{"0":{"start":{"line":13,"column":2},"end":{"line":13,"column":38}},"1":{"start":{"line":16,"column":13},"end":{"line":18,"column":1}},"2":{"start":{"line":23,"column":35},"end":{"line":23,"column":52}},"3":{"start":{"line":24,"column":0},"end":{"line":24,"column":20}},"4":{"start":{"line":25,"column":24},"end":{"line":28,"column":5}},"5":{"start":{"line":26,"column":8},"end":{"line":26,"column":32}},"6":{"start":{"line":27,"column":8},"end":{"line":27,"column":25}},"7":{"start":{"line":29,"column":4},"end":{"line":57,"column":4}},"8":{"start":{"line":42,"column":12},"end":{"line":52,"column":23}}},"fnMap":{"0":{"name":"createData","decl":{"start":{"line":12,"column":9},"end":{"line":12,"column":19}},"loc":{"start":{"line":12,"column":46},"end":{"line":14,"column":1}},"line":12},"1":{"name":"DenseTable","decl":{"start":{"line":22,"column":24},"end":{"line":22,"column":34}},"loc":{"start":{"line":22,"column":37},"end":{"line":58,"column":1}},"line":22},"2":{"name":"(anonymous_2)","decl":{"start":{"line":25,"column":24},"end":{"line":25,"column":25}},"loc":{"start":{"line":25,"column":34},"end":{"line":28,"column":5}},"line":25},"3":{"name":"(anonymous_3)","decl":{"start":{"line":41,"column":20},"end":{"line":41,"column":21}},"loc":{"start":{"line":42,"column":12},"end":{"line":52,"column":23}},"line":42}},"branchMap":{},"s":{"0":2,"1":2,"2":2,"3":2,"4":2,"5":0,"6":0,"7":2,"8":2},"f":{"0":2,"1":2,"2":0,"3":2},"b":{},"_coverageSchema":"1a1c01bbd47fc00a2c39e90264f33305004495a9","hash":"1ff50899ed30a11ffacf26fbd92157078a293fd4"}
,"C:\\Users\\sthakare\\Downloads\\react-qg8nkr\\src\\layouts\\NavBar.js": {"path":"C:\\Users\\sthakare\\Downloads\\react-qg8nkr\\src\\layouts\\NavBar.js","statementMap":{"0":{"start":{"line":14,"column":15},"end":{"line":73,"column":1}},"1":{"start":{"line":15,"column":18},"end":{"line":15,"column":29}},"2":{"start":{"line":16,"column":26},"end":{"line":16,"column":46}},"3":{"start":{"line":17,"column":34},"end":{"line":17,"column":54}},"4":{"start":{"line":18,"column":15},"end":{"line":18,"column":32}},"5":{"start":{"line":20,"column":22},"end":{"line":24,"column":3}},"6":{"start":{"line":21,"column":4},"end":{"line":21,"column":36}},"7":{"start":{"line":22,"column":4},"end":{"line":22,"column":25}},"8":{"start":{"line":23,"column":4},"end":{"line":23,"column":22}},"9":{"start":{"line":26,"column":21},"end":{"line":28,"column":3}},"10":{"start":{"line":27,"column":4},"end":{"line":27,"column":37}},"11":{"start":{"line":30,"column":2},"end":{"line":72,"column":4}},"12":{"start":{"line":75,"column":18},"end":{"line":85,"column":3}},"13":{"start":{"line":75,"column":39},"end":{"line":85,"column":1}}},"fnMap":{"0":{"name":"(anonymous_0)","decl":{"start":{"line":14,"column":15},"end":{"line":14,"column":16}},"loc":{"start":{"line":14,"column":24},"end":{"line":73,"column":1}},"line":14},"1":{"name":"(anonymous_1)","decl":{"start":{"line":20,"column":22},"end":{"line":20,"column":23}},"loc":{"start":{"line":20,"column":28},"end":{"line":24,"column":3}},"line":20},"2":{"name":"(anonymous_2)","decl":{"start":{"line":26,"column":21},"end":{"line":26,"column":22}},"loc":{"start":{"line":26,"column":30},"end":{"line":28,"column":3}},"line":26},"3":{"name":"(anonymous_3)","decl":{"start":{"line":75,"column":29},"end":{"line":75,"column":30}},"loc":{"start":{"line":75,"column":39},"end":{"line":85,"column":1}},"line":75}},"branchMap":{"0":{"loc":{"start":{"line":37,"column":11},"end":{"line":67,"column":11}},"type":"binary-expr","locations":[{"start":{"line":37,"column":11},"end":{"line":37,"column":15}},{"start":{"line":38,"column":12},"end":{"line":66,"column":18}}],"line":37}},"s":{"0":1,"1":1,"2":1,"3":1,"4":1,"5":1,"6":0,"7":0,"8":0,"9":1,"10":0,"11":1,"12":1,"13":1},"f":{"0":1,"1":0,"2":0,"3":1},"b":{"0":[1,1]},"_coverageSchema":"1a1c01bbd47fc00a2c39e90264f33305004495a9","hash":"ddc54d0394cf499597061316ac7a131732b5e1de"}
}
